time,logger,level,message,exception
2012-07-19 12:23:30.2475,RavenFS.Storage.StorageConfigurator,Info,"Esent Settings:
  MaxVerPages      = 32768
  CacheSizeMax     = 262144
  DatabasePageSize = 4096",
time,logger,level,message,exception
2012-07-19 12:25:43.7567,RavenFS.Storage.StorageConfigurator,Info,"Esent Settings:
  MaxVerPages      = 32768
  CacheSizeMax     = 262144
  DatabasePageSize = 4096",
2012-07-19 12:25:53.1282,RavenFS.Synchronization.FileLockManager,Debug,File 'BackgroundTextureBottom.png' was unlocked,
2012-07-19 12:25:53.1282,RavenFS.Synchronization.FileLockManager,Debug,File 'BackgroundTexture.png' was unlocked,
2012-07-19 12:25:53.1282,RavenFS.Synchronization.FileLockManager,Debug,File 'add_tiny.png' was unlocked,
2012-07-19 12:25:53.1282,RavenFS.Synchronization.FileLockManager,Debug,File 'changeview_tiny.png' was unlocked,
2012-07-19 12:25:53.1282,RavenFS.Synchronization.FileLockManager,Debug,File 'copy_to_clipboard_tiny.png' was unlocked,
2012-07-19 12:25:53.2662,RavenFS.Controllers.FilesController,Debug,Inserted a new file 'copy_to_clipboard_tiny.png' with ETag 00000000-0000-0100-0000-000000000002,
2012-07-19 12:25:53.2822,RavenFS.Controllers.FilesController,Debug,Inserted a new file 'BackgroundTexture.png' with ETag 00000000-0000-0100-0000-000000000005,
2012-07-19 12:25:53.2992,RavenFS.Controllers.FilesController,Debug,Inserted a new file 'add_tiny.png' with ETag 00000000-0000-0100-0000-000000000003,
2012-07-19 12:25:53.3172,RavenFS.Controllers.FilesController,Debug,Inserted a new file 'BackgroundTextureBottom.png' with ETag 00000000-0000-0100-0000-000000000004,
2012-07-19 12:25:53.3252,RavenFS.Controllers.FilesController,Debug,Inserted a new file 'changeview_tiny.png' with ETag 00000000-0000-0100-0000-000000000001,
2012-07-19 12:25:53.3582,RavenFS.Controllers.FilesController,Debug,File 'copy_to_clipboard_tiny.png' was uploaded its new ETag is 00000000-0000-0100-0000-000000000007,
2012-07-19 12:25:53.3582,RavenFS.Synchronization.SynchronizationTask,Debug,Starting to synchronize destinations,
2012-07-19 12:25:53.3582,RavenFS.Synchronization.SynchronizationTask,Debug,Configuration Raven/Synchronization/Destinations does not exist,
2012-07-19 12:25:53.3742,RavenFS.Synchronization.FileLockManager,Debug,File 'Collapse_tiny.png' was unlocked,
2012-07-19 12:25:53.3742,RavenFS.Controllers.FilesController,Debug,File 'add_tiny.png' was uploaded its new ETag is 00000000-0000-0100-0000-000000000006,
2012-07-19 12:25:53.3742,RavenFS.Synchronization.SynchronizationTask,Debug,Starting to synchronize destinations,
2012-07-19 12:25:53.3742,RavenFS.Synchronization.SynchronizationTask,Debug,Configuration Raven/Synchronization/Destinations does not exist,
2012-07-19 12:25:53.3882,RavenFS.Controllers.FilesController,Warn,Failed to upload a file 'BackgroundTextureBottom.png',"Microsoft.Isam.Esent.Interop.EsentKeyDuplicateException: Illegal duplicate key
   at Microsoft.Isam.Esent.Interop.Api.Check(Int32 err) in C:\Work\ravendb\SharedLibs\Sources\managedesent-61618\EsentInterop\Api.cs:line 2736
   at Microsoft.Isam.Esent.Interop.Api.JetUpdate(JET_SESID sesid, JET_TABLEID tableid, Byte[] bookmark, Int32 bookmarkSize, Int32& actualBookmarkSize) in C:\Work\ravendb\SharedLibs\Sources\managedesent-61618\EsentInterop\Api.cs:line 2374
   at Microsoft.Isam.Esent.Interop.Update.Save(Byte[] bookmark, Int32 bookmarkSize, Int32& actualBookmarkSize) in C:\Work\ravendb\SharedLibs\Sources\managedesent-61618\EsentInterop\Update.cs:line 85
   at RavenFS.Storage.StorageActionsAccessor.InsertPage(Byte[] buffer, Int32 size) in C:\Projects\HibernatingRhinos\RavenFS\RavenFS\RavenFS\Storage\StorageActionsAccessor.cs:line 134
   at RavenFS.Controllers.FilesController.ReadFileToDatabase.<>c__DisplayClass2f.<Execute>b__2d(StorageActionsAccessor accessor) in C:\Projects\HibernatingRhinos\RavenFS\RavenFS\RavenFS\Controllers\FilesController.cs:line 359
   at RavenFS.Storage.TransactionalStorage.ExecuteBatch(Action`1 action) in C:\Projects\HibernatingRhinos\RavenFS\RavenFS\RavenFS\Storage\TransactionalStorage.cs:line 258
   at RavenFS.Storage.TransactionalStorage.Batch(Action`1 action) in C:\Projects\HibernatingRhinos\RavenFS\RavenFS\RavenFS\Storage\TransactionalStorage.cs:line 235
   at RavenFS.Controllers.FilesController.ReadFileToDatabase.<Execute>b__2b(Task`1 task) in C:\Projects\HibernatingRhinos\RavenFS\RavenFS\RavenFS\Controllers\FilesController.cs:line 357
   at System.Threading.Tasks.Task`1.<>c__DisplayClass1a`1.<ContinueWith>b__19()
   at System.Threading.Tasks.Task`1.InvokeFuture(Object futureAsObj)
   at System.Threading.Tasks.Task.InnerInvoke()
   at System.Threading.Tasks.Task.Execute()"
2012-07-19 12:25:53.4012,RavenFS.Synchronization.FileLockManager,Debug,File 'database_add_tiny.png' was unlocked,
2012-07-19 12:25:53.4012,RavenFS.Synchronization.FileLockManager,Debug,File 'database_add.png' was unlocked,
2012-07-19 12:25:53.4012,RavenFS.Controllers.FilesController,Debug,File 'changeview_tiny.png' was uploaded its new ETag is 00000000-0000-0100-0000-000000000008,
2012-07-19 12:25:53.4012,RavenFS.Synchronization.SynchronizationTask,Debug,Starting to synchronize destinations,
2012-07-19 12:25:53.4012,RavenFS.Synchronization.SynchronizationTask,Debug,Configuration Raven/Synchronization/Destinations does not exist,
2012-07-19 12:25:53.4162,RavenFS.Synchronization.FileLockManager,Debug,File 'debug_tiny.png' was unlocked,
2012-07-19 12:25:53.4322,RavenFS.Synchronization.FileLockManager,Debug,File 'database_tiny.png' was unlocked,
2012-07-19 12:25:53.4322,RavenFS.Controllers.FilesController,Debug,Inserted a new file 'Collapse_tiny.png' with ETag 00000000-0000-0100-0000-000000000009,
2012-07-19 12:25:53.4642,RavenFS.Controllers.FilesController,Debug,Inserted a new file 'database_add_tiny.png' with ETag 00000000-0000-0100-0000-00000000000a,
2012-07-19 12:25:53.4922,RavenFS.Controllers.FilesController,Debug,Inserted a new file 'database_add.png' with ETag 00000000-0000-0100-0000-00000000000b,
2012-07-19 12:25:53.5112,RavenFS.Controllers.FilesController,Debug,Inserted a new file 'debug_tiny.png' with ETag 00000000-0000-0100-0000-00000000000d,
2012-07-19 12:25:53.5472,RavenFS.Controllers.FilesController,Debug,Inserted a new file 'database_tiny.png' with ETag 00000000-0000-0100-0000-00000000000e,
2012-07-19 12:25:53.5722,RavenFS.Controllers.FilesController,Debug,File 'Collapse_tiny.png' was uploaded its new ETag is 00000000-0000-0100-0000-00000000000f,
2012-07-19 12:25:53.5722,RavenFS.Synchronization.SynchronizationTask,Debug,Starting to synchronize destinations,
2012-07-19 12:25:53.5722,RavenFS.Synchronization.SynchronizationTask,Debug,Configuration Raven/Synchronization/Destinations does not exist,
2012-07-19 12:25:53.5722,RavenFS.Synchronization.FileLockManager,Debug,File 'document_add_tiny.png' was unlocked,
2012-07-19 12:25:53.5972,RavenFS.Controllers.FilesController,Debug,File 'database_add_tiny.png' was uploaded its new ETag is 00000000-0000-0100-0000-000000000010,
2012-07-19 12:25:53.5972,RavenFS.Synchronization.SynchronizationTask,Debug,Starting to synchronize destinations,
2012-07-19 12:25:53.5972,RavenFS.Synchronization.SynchronizationTask,Debug,Configuration Raven/Synchronization/Destinations does not exist,
2012-07-19 12:25:53.6022,RavenFS.Synchronization.FileLockManager,Debug,File 'document_tiny.png' was unlocked,
2012-07-19 12:25:53.6202,RavenFS.Controllers.FilesController,Debug,File 'BackgroundTexture.png' was uploaded its new ETag is 00000000-0000-0100-0000-00000000000c,
2012-07-19 12:25:53.6202,RavenFS.Synchronization.SynchronizationTask,Debug,Starting to synchronize destinations,
2012-07-19 12:25:53.6202,RavenFS.Synchronization.SynchronizationTask,Debug,Configuration Raven/Synchronization/Destinations does not exist,
2012-07-19 12:25:53.6642,RavenFS.Synchronization.FileLockManager,Debug,File 'edit_tiny.png' was unlocked,
2012-07-19 12:25:53.6802,RavenFS.Controllers.FilesController,Debug,File 'database_add.png' was uploaded its new ETag is 00000000-0000-0100-0000-000000000011,
2012-07-19 12:25:53.6802,RavenFS.Synchronization.SynchronizationTask,Debug,Starting to synchronize destinations,
2012-07-19 12:25:53.6802,RavenFS.Synchronization.SynchronizationTask,Debug,Configuration Raven/Synchronization/Destinations does not exist,
2012-07-19 12:25:53.6802,RavenFS.Synchronization.FileLockManager,Debug,File 'error_small.png' was unlocked,
2012-07-19 12:25:53.6992,RavenFS.Controllers.FilesController,Debug,File 'debug_tiny.png' was uploaded its new ETag is 00000000-0000-0100-0000-000000000012,
2012-07-19 12:25:53.6992,RavenFS.Synchronization.SynchronizationTask,Debug,Starting to synchronize destinations,
2012-07-19 12:25:53.6992,RavenFS.Synchronization.SynchronizationTask,Debug,Configuration Raven/Synchronization/Destinations does not exist,
2012-07-19 12:25:53.6992,RavenFS.Synchronization.FileLockManager,Debug,File 'error_tiny.png' was unlocked,
2012-07-19 12:25:53.7212,RavenFS.Controllers.FilesController,Debug,File 'database_tiny.png' was uploaded its new ETag is 00000000-0000-0100-0000-000000000013,
2012-07-19 12:25:53.7212,RavenFS.Synchronization.SynchronizationTask,Debug,Starting to synchronize destinations,
2012-07-19 12:25:53.7212,RavenFS.Synchronization.SynchronizationTask,Debug,Configuration Raven/Synchronization/Destinations does not exist,
2012-07-19 12:25:53.7292,RavenFS.Synchronization.FileLockManager,Debug,File 'document_small.png' was unlocked,
2012-07-19 12:25:53.7532,RavenFS.Controllers.FilesController,Debug,Inserted a new file 'document_add_tiny.png' with ETag 00000000-0000-0100-0000-000000000014,
2012-07-19 12:25:53.7742,RavenFS.Controllers.FilesController,Debug,Inserted a new file 'document_tiny.png' with ETag 00000000-0000-0100-0000-000000000015,
2012-07-19 12:25:53.7892,RavenFS.Controllers.FilesController,Debug,Inserted a new file 'edit_tiny.png' with ETag 00000000-0000-0100-0000-000000000016,
2012-07-19 12:25:53.8052,RavenFS.Controllers.FilesController,Debug,Inserted a new file 'error_small.png' with ETag 00000000-0000-0100-0000-000000000017,
2012-07-19 12:25:53.8212,RavenFS.Controllers.FilesController,Debug,Inserted a new file 'error_tiny.png' with ETag 00000000-0000-0100-0000-000000000018,
2012-07-19 12:25:53.8382,RavenFS.Controllers.FilesController,Debug,Inserted a new file 'document_small.png' with ETag 00000000-0000-0100-0000-000000000019,
2012-07-19 12:25:53.8542,RavenFS.Controllers.FilesController,Debug,File 'document_add_tiny.png' was uploaded its new ETag is 00000000-0000-0100-0000-00000000001a,
2012-07-19 12:25:53.8542,RavenFS.Synchronization.SynchronizationTask,Debug,Starting to synchronize destinations,
2012-07-19 12:25:53.8542,RavenFS.Synchronization.SynchronizationTask,Debug,Configuration Raven/Synchronization/Destinations does not exist,
2012-07-19 12:25:53.8542,RavenFS.Synchronization.FileLockManager,Debug,File 'error_medium.png' was unlocked,
2012-07-19 12:25:53.8722,RavenFS.Controllers.FilesController,Debug,File 'document_tiny.png' was uploaded its new ETag is 00000000-0000-0100-0000-00000000001b,
2012-07-19 12:25:53.8722,RavenFS.Synchronization.SynchronizationTask,Debug,Starting to synchronize destinations,
2012-07-19 12:25:53.8722,RavenFS.Synchronization.SynchronizationTask,Debug,Configuration Raven/Synchronization/Destinations does not exist,
2012-07-19 12:25:53.8722,RavenFS.Synchronization.FileLockManager,Debug,File 'execute_query_tiny.png' was unlocked,
2012-07-19 12:25:53.8932,RavenFS.Controllers.FilesController,Debug,File 'edit_tiny.png' was uploaded its new ETag is 00000000-0000-0100-0000-00000000001c,
2012-07-19 12:25:53.8932,RavenFS.Synchronization.SynchronizationTask,Debug,Starting to synchronize destinations,
2012-07-19 12:25:53.8932,RavenFS.Synchronization.SynchronizationTask,Debug,Configuration Raven/Synchronization/Destinations does not exist,
2012-07-19 12:25:53.8982,RavenFS.Synchronization.FileLockManager,Debug,File 'down_tiny.png' was unlocked,
2012-07-19 12:25:53.9152,RavenFS.Controllers.FilesController,Debug,File 'error_small.png' was uploaded its new ETag is 00000000-0000-0100-0000-00000000001d,
2012-07-19 12:25:53.9152,RavenFS.Synchronization.SynchronizationTask,Debug,Starting to synchronize destinations,
2012-07-19 12:25:53.9152,RavenFS.Synchronization.SynchronizationTask,Debug,Configuration Raven/Synchronization/Destinations does not exist,
2012-07-19 12:25:53.9152,RavenFS.Synchronization.FileLockManager,Debug,File 'edit_columns_tiny.png' was unlocked,
2012-07-19 12:25:53.9492,RavenFS.Controllers.FilesController,Debug,File 'error_tiny.png' was uploaded its new ETag is 00000000-0000-0100-0000-00000000001e,
2012-07-19 12:25:53.9492,RavenFS.Synchronization.SynchronizationTask,Debug,Starting to synchronize destinations,
2012-07-19 12:25:53.9492,RavenFS.Synchronization.SynchronizationTask,Debug,Configuration Raven/Synchronization/Destinations does not exist,
2012-07-19 12:25:53.9492,RavenFS.Synchronization.FileLockManager,Debug,File 'FooterTexture.png' was unlocked,
2012-07-19 12:25:53.9732,RavenFS.Controllers.FilesController,Debug,File 'document_small.png' was uploaded its new ETag is 00000000-0000-0100-0000-00000000001f,
2012-07-19 12:25:53.9732,RavenFS.Synchronization.SynchronizationTask,Debug,Starting to synchronize destinations,
2012-07-19 12:25:53.9732,RavenFS.Synchronization.SynchronizationTask,Debug,Configuration Raven/Synchronization/Destinations does not exist,
2012-07-19 12:25:53.9762,RavenFS.Synchronization.FileLockManager,Debug,File 'index_add_tiny.png' was unlocked,
2012-07-19 12:25:53.9972,RavenFS.Controllers.FilesController,Debug,Inserted a new file 'error_medium.png' with ETag 00000000-0000-0100-0000-000000000020,
2012-07-19 12:25:54.0102,RavenFS.Controllers.FilesController,Debug,Inserted a new file 'execute_query_tiny.png' with ETag 00000000-0000-0100-0000-000000000021,
2012-07-19 12:25:54.0262,RavenFS.Controllers.FilesController,Debug,Inserted a new file 'down_tiny.png' with ETag 00000000-0000-0100-0000-000000000022,
2012-07-19 12:25:54.0392,RavenFS.Controllers.FilesController,Debug,Inserted a new file 'edit_columns_tiny.png' with ETag 00000000-0000-0100-0000-000000000023,
2012-07-19 12:25:54.0602,RavenFS.Controllers.FilesController,Debug,Inserted a new file 'FooterTexture.png' with ETag 00000000-0000-0100-0000-000000000024,
2012-07-19 12:25:54.0772,RavenFS.Controllers.FilesController,Debug,Inserted a new file 'index_add_tiny.png' with ETag 00000000-0000-0100-0000-000000000025,
2012-07-19 12:25:54.0962,RavenFS.Controllers.FilesController,Debug,File 'error_medium.png' was uploaded its new ETag is 00000000-0000-0100-0000-000000000026,
2012-07-19 12:25:54.0962,RavenFS.Synchronization.SynchronizationTask,Debug,Starting to synchronize destinations,
2012-07-19 12:25:54.0962,RavenFS.Synchronization.SynchronizationTask,Debug,Configuration Raven/Synchronization/Destinations does not exist,
2012-07-19 12:25:54.0962,RavenFS.Synchronization.FileLockManager,Debug,File 'ImageCredits.txt' was unlocked,
2012-07-19 12:25:54.1222,RavenFS.Controllers.FilesController,Debug,File 'execute_query_tiny.png' was uploaded its new ETag is 00000000-0000-0100-0000-000000000027,
2012-07-19 12:25:54.1222,RavenFS.Synchronization.SynchronizationTask,Debug,Starting to synchronize destinations,
2012-07-19 12:25:54.1222,RavenFS.Synchronization.SynchronizationTask,Debug,Configuration Raven/Synchronization/Destinations does not exist,
2012-07-19 12:25:54.1222,RavenFS.Synchronization.FileLockManager,Debug,File 'Images.xaml' was unlocked,
2012-07-19 12:25:54.1402,RavenFS.Controllers.FilesController,Debug,File 'down_tiny.png' was uploaded its new ETag is 00000000-0000-0100-0000-000000000028,
2012-07-19 12:25:54.1402,RavenFS.Synchronization.SynchronizationTask,Debug,Starting to synchronize destinations,
2012-07-19 12:25:54.1402,RavenFS.Synchronization.SynchronizationTask,Debug,Configuration Raven/Synchronization/Destinations does not exist,
2012-07-19 12:25:54.1402,RavenFS.Synchronization.FileLockManager,Debug,File 'index_query_tiny.png' was unlocked,
2012-07-19 12:25:54.1633,RavenFS.Controllers.FilesController,Debug,File 'edit_columns_tiny.png' was uploaded its new ETag is 00000000-0000-0100-0000-000000000029,
2012-07-19 12:25:54.1633,RavenFS.Synchronization.SynchronizationTask,Debug,Starting to synchronize destinations,
2012-07-19 12:25:54.1633,RavenFS.Synchronization.SynchronizationTask,Debug,Configuration Raven/Synchronization/Destinations does not exist,
2012-07-19 12:25:54.1633,RavenFS.Synchronization.FileLockManager,Debug,File 'navigate_first_tiny.png' was unlocked,
2012-07-19 12:25:54.1833,RavenFS.Controllers.FilesController,Debug,File 'FooterTexture.png' was uploaded its new ETag is 00000000-0000-0100-0000-00000000002a,
2012-07-19 12:25:54.1833,RavenFS.Synchronization.SynchronizationTask,Debug,Starting to synchronize destinations,
2012-07-19 12:25:54.1833,RavenFS.Synchronization.SynchronizationTask,Debug,Configuration Raven/Synchronization/Destinations does not exist,
2012-07-19 12:25:54.1833,RavenFS.Synchronization.FileLockManager,Debug,File 'navigate_last_tiny.png' was unlocked,
2012-07-19 12:25:54.2033,RavenFS.Controllers.FilesController,Debug,File 'index_add_tiny.png' was uploaded its new ETag is 00000000-0000-0100-0000-00000000002b,
2012-07-19 12:25:54.2033,RavenFS.Synchronization.SynchronizationTask,Debug,Starting to synchronize destinations,
2012-07-19 12:25:54.2033,RavenFS.Synchronization.SynchronizationTask,Debug,Configuration Raven/Synchronization/Destinations does not exist,
2012-07-19 12:25:54.2033,RavenFS.Synchronization.FileLockManager,Debug,File 'index_tiny.png' was unlocked,
2012-07-19 12:25:54.2243,RavenFS.Controllers.FilesController,Debug,Inserted a new file 'ImageCredits.txt' with ETag 00000000-0000-0100-0000-00000000002c,
2012-07-19 12:25:54.2283,RavenFS.Controllers.FilesController,Debug,Inserted a new file 'Images.xaml' with ETag 00000000-0000-0100-0000-00000000002d,
2012-07-19 12:25:54.2583,RavenFS.Controllers.FilesController,Debug,Inserted a new file 'index_query_tiny.png' with ETag 00000000-0000-0100-0000-00000000002e,
2012-07-19 12:25:54.2823,RavenFS.Controllers.FilesController,Debug,Inserted a new file 'navigate_first_tiny.png' with ETag 00000000-0000-0100-0000-00000000002f,
2012-07-19 12:25:54.3043,RavenFS.Controllers.FilesController,Debug,Inserted a new file 'navigate_last_tiny.png' with ETag 00000000-0000-0100-0000-000000000030,
2012-07-19 12:25:54.3213,RavenFS.Controllers.FilesController,Debug,Inserted a new file 'index_tiny.png' with ETag 00000000-0000-0100-0000-000000000031,
2012-07-19 12:25:54.3453,RavenFS.Controllers.FilesController,Debug,File 'ImageCredits.txt' was uploaded its new ETag is 00000000-0000-0100-0000-000000000032,
2012-07-19 12:25:54.3453,RavenFS.Synchronization.SynchronizationTask,Debug,Starting to synchronize destinations,
2012-07-19 12:25:54.3453,RavenFS.Synchronization.SynchronizationTask,Debug,Configuration Raven/Synchronization/Destinations does not exist,
2012-07-19 12:25:54.3543,RavenFS.Synchronization.FileLockManager,Debug,File 'index_small.png' was unlocked,
2012-07-19 12:25:54.3693,RavenFS.Controllers.FilesController,Debug,File 'Images.xaml' was uploaded its new ETag is 00000000-0000-0100-0000-000000000033,
2012-07-19 12:25:54.3693,RavenFS.Synchronization.SynchronizationTask,Debug,Starting to synchronize destinations,
2012-07-19 12:25:54.3693,RavenFS.Synchronization.SynchronizationTask,Debug,Configuration Raven/Synchronization/Destinations does not exist,
2012-07-19 12:25:54.3693,RavenFS.Synchronization.FileLockManager,Debug,File 'logs_small.png' was unlocked,
2012-07-19 12:25:54.3893,RavenFS.Controllers.FilesController,Debug,File 'index_query_tiny.png' was uploaded its new ETag is 00000000-0000-0100-0000-000000000034,
2012-07-19 12:25:54.3893,RavenFS.Synchronization.SynchronizationTask,Debug,Starting to synchronize destinations,
2012-07-19 12:25:54.3893,RavenFS.Synchronization.SynchronizationTask,Debug,Configuration Raven/Synchronization/Destinations does not exist,
2012-07-19 12:25:54.3973,RavenFS.Synchronization.FileLockManager,Debug,File 'info_tiny.png' was unlocked,
2012-07-19 12:25:54.3973,RavenFS.Controllers.FilesController,Debug,File 'navigate_first_tiny.png' was uploaded its new ETag is 00000000-0000-0100-0000-000000000035,
2012-07-19 12:25:54.3973,RavenFS.Synchronization.SynchronizationTask,Debug,Starting to synchronize destinations,
2012-07-19 12:25:54.3973,RavenFS.Synchronization.SynchronizationTask,Debug,Configuration Raven/Synchronization/Destinations does not exist,
2012-07-19 12:25:54.4293,RavenFS.Controllers.FilesController,Debug,File 'navigate_last_tiny.png' was uploaded its new ETag is 00000000-0000-0100-0000-000000000036,
2012-07-19 12:25:54.4293,RavenFS.Synchronization.SynchronizationTask,Debug,Starting to synchronize destinations,
2012-07-19 12:25:54.4293,RavenFS.Synchronization.SynchronizationTask,Debug,Configuration Raven/Synchronization/Destinations does not exist,
2012-07-19 12:25:54.4523,RavenFS.Controllers.FilesController,Debug,File 'index_tiny.png' was uploaded its new ETag is 00000000-0000-0100-0000-000000000037,
2012-07-19 12:25:54.4523,RavenFS.Synchronization.SynchronizationTask,Debug,Starting to synchronize destinations,
2012-07-19 12:25:54.4523,RavenFS.Synchronization.SynchronizationTask,Debug,Configuration Raven/Synchronization/Destinations does not exist,
2012-07-19 12:25:54.4803,RavenFS.Controllers.FilesController,Debug,Inserted a new file 'index_small.png' with ETag 00000000-0000-0100-0000-000000000038,
2012-07-19 12:25:54.5103,RavenFS.Controllers.FilesController,Debug,Inserted a new file 'logs_small.png' with ETag 00000000-0000-0100-0000-000000000039,
2012-07-19 12:25:54.5273,RavenFS.Controllers.FilesController,Debug,Inserted a new file 'info_tiny.png' with ETag 00000000-0000-0100-0000-00000000003a,
2012-07-19 12:25:54.5403,RavenFS.Controllers.FilesController,Debug,File 'index_small.png' was uploaded its new ETag is 00000000-0000-0100-0000-00000000003b,
2012-07-19 12:25:54.5403,RavenFS.Synchronization.SynchronizationTask,Debug,Starting to synchronize destinations,
2012-07-19 12:25:54.5403,RavenFS.Synchronization.SynchronizationTask,Debug,Configuration Raven/Synchronization/Destinations does not exist,
2012-07-19 12:25:54.5663,RavenFS.Controllers.FilesController,Debug,File 'logs_small.png' was uploaded its new ETag is 00000000-0000-0100-0000-00000000003c,
2012-07-19 12:25:54.5663,RavenFS.Synchronization.SynchronizationTask,Debug,Starting to synchronize destinations,
2012-07-19 12:25:54.5663,RavenFS.Synchronization.SynchronizationTask,Debug,Configuration Raven/Synchronization/Destinations does not exist,
2012-07-19 12:25:54.5863,RavenFS.Controllers.FilesController,Debug,File 'info_tiny.png' was uploaded its new ETag is 00000000-0000-0100-0000-00000000003d,
2012-07-19 12:25:54.5863,RavenFS.Synchronization.SynchronizationTask,Debug,Starting to synchronize destinations,
2012-07-19 12:25:54.5863,RavenFS.Synchronization.SynchronizationTask,Debug,Configuration Raven/Synchronization/Destinations does not exist,
